DllMain called: 1
CreateThread result:000002C4
DllMain called: 2
CreateAppThread called
DllMain called: 2
DllMain called: 2
DllMain called: 2
DllMain called: 2
DllMain called: 3
DllMain called: 3
DllMain called: 3
DllMain called: 3
DllMain called: 0
DllMain called: 1
CreateThread result:000002B4
DllMain called: 2
CreateAppThread called
DllMain called: 2
DllMain called: 2
DllMain called: 2
DllMain called: 2
DllMain called: 3
DllMain called: 3
DllMain called: 3
DllMain called: 3
DllMain called: 2
DllMain called: 3
DllMain called: 2
DllMain called: 2
DllMain called: 2
DllMain called: 3
DllMain called: 3
DllMain called: 3
DllMain called: 2
DllMain called: 2
DllMain called: 3
DllMain called: 3
DllMain called: 3
DllMain called: 3
DllMain called: 0
DllMain called: 1
CreateThread result:000002B8
DllMain called: 2
CreateAppThread called
DllMain called: 2
DllMain called: 2
DllMain called: 2
DllMain called: 2
DllMain called: 3
DllMain called: 3
DllMain called: 3
DllMain called: 3
DllMain called: 0
DllMain called: 1
CreateThread result:000002B4
DllMain called: 2
CreateAppThread called
DllMain called: 2
DllMain called: 2
DllMain called: 2
DllMain called: 2
DllMain called: 3
DllMain called: 3
DllMain called: 3
DllMain called: 3
DllMain called: 0
DllMain called: 1
CreateThread result:000002A0
DllMain called: 2
CreateAppThread called
DllMain called: 2
DllMain called: 2
DllMain called: 2
DllMain called: 2
DllMain called: 3
DllMain called: 3
DllMain called: 3
DllMain called: 3
DllMain called: 2
DllMain called: 2
DllMain called: 3
DllMain called: 3
DllMain called: 2
DllMain called: 2
DllMain called: 2
DllMain called: 3
DllMain called: 3
DllMain called: 3
DllMain called: 3
DllMain called: 3
DllMain called: 0
DllMain called: 1
CreateThread result:000002B0
DllMain called: 2
CreateAppThread called
DllMain called: 2
DllMain called: 2
DllMain called: 2
DllMain called: 2
DllMain called: 3
DllMain called: 3
DllMain called: 2
DllMain called: 2
DllMain called: 2
DllMain called: 3
DllMain called: 3
DllMain called: 3
DllMain called: 3
DllMain called: 2
DllMain called: 3
DllMain called: 3
DllMain called: 2
DllMain called: 3
DllMain called: 2
DllMain called: 3
DllMain called: 3
DllMain called: 0
DllMain called: 1
CreateThread result:000002C0
DllMain called: 2
CreateAppThread called
DllMain called: 2
DllMain called: 2
DllMain called: 2
DllMain called: 3
DllMain called: 3
DllMain called: 3
DllMain called: 3
DllMain called: 0
DllMain called: 1
CreateThread result:000002C0
DllMain called: 2
CreateAppThread called
DllMain called: 2
DllMain called: 2
DllMain called: 2
DllMain called: 2
DllMain called: 3
DllMain called: 3
DllMain called: 3
DllMain called: 3
DllMain called: 0
